2020-02-13 11:38:03,152 INFO o.a.j.u.JMeterUtils: Setting Locale to en_EN
2020-02-13 11:38:03,228 INFO o.a.j.JMeter: Loading user properties from: /Users/leanovia/Documents/Docker/SharedVolume/apache-jmeter-5.2.1/bin/user.properties
2020-02-13 11:38:03,229 INFO o.a.j.JMeter: Loading system properties from: /Users/leanovia/Documents/Docker/SharedVolume/apache-jmeter-5.2.1/bin/system.properties
2020-02-13 11:38:03,230 INFO o.a.j.JMeter: Setting System property: server_port=1099
2020-02-13 11:38:03,233 INFO o.a.j.JMeter: Copyright (c) 1998-2019 The Apache Software Foundation
2020-02-13 11:38:03,233 INFO o.a.j.JMeter: Version 5.2.1
2020-02-13 11:38:03,234 INFO o.a.j.JMeter: java.version=13.0.1
2020-02-13 11:38:03,234 INFO o.a.j.JMeter: java.vm.name=OpenJDK 64-Bit Server VM
2020-02-13 11:38:03,234 INFO o.a.j.JMeter: os.name=Mac OS X
2020-02-13 11:38:03,234 INFO o.a.j.JMeter: os.arch=x86_64
2020-02-13 11:38:03,234 INFO o.a.j.JMeter: os.version=10.13.6
2020-02-13 11:38:03,234 INFO o.a.j.JMeter: file.encoding=UTF-8
2020-02-13 11:38:03,234 INFO o.a.j.JMeter: java.awt.headless=true
2020-02-13 11:38:03,234 INFO o.a.j.JMeter: Max memory     =1073741824
2020-02-13 11:38:03,235 INFO o.a.j.JMeter: Available Processors =4
2020-02-13 11:38:03,249 INFO o.a.j.JMeter: Default Locale=English (EN)
2020-02-13 11:38:03,250 INFO o.a.j.JMeter: JMeter  Locale=English (EN)
2020-02-13 11:38:03,250 INFO o.a.j.JMeter: JMeterHome=/Users/leanovia/Documents/Docker/SharedVolume/apache-jmeter-5.2.1
2020-02-13 11:38:03,250 INFO o.a.j.JMeter: user.dir  =/Users/leanovia/Documents/Docker
2020-02-13 11:38:03,251 INFO o.a.j.JMeter: PWD       =/Users/leanovia/Documents/Docker
2020-02-13 11:38:03,256 INFO o.a.j.JMeter: IP: 192.168.99.1 Name: C02FQ2ZDDH2L-Leanovia.local FullName: 192.168.99.1
2020-02-13 11:38:03,282 INFO o.a.j.r.RmiUtils: System property 'java.rmi.server.hostname' is not defined, using localHost address
2020-02-13 11:38:03,283 INFO o.a.j.r.RmiUtils: Local IP address=192.168.99.1
2020-02-13 11:38:03,323 ERROR o.a.j.JMeter: Giving up, as server failed with:
java.rmi.server.ExportException: Listen failed on port: 0; nested exception is: 
	java.io.FileNotFoundException: /SharedVolume/apache-jmeter-5.2.1/bin/rmi_keystore.jks (No such file or directory)
	at sun.rmi.transport.tcp.TCPTransport.listen(TCPTransport.java:337) ~[?:?]
	at sun.rmi.transport.tcp.TCPTransport.exportObject(TCPTransport.java:243) ~[?:?]
	at sun.rmi.transport.tcp.TCPEndpoint.exportObject(TCPEndpoint.java:411) ~[?:?]
	at sun.rmi.transport.LiveRef.exportObject(LiveRef.java:147) ~[?:?]
	at sun.rmi.server.UnicastServerRef.exportObject(UnicastServerRef.java:234) ~[?:?]
	at java.rmi.server.UnicastRemoteObject.exportObject(UnicastRemoteObject.java:470) ~[?:?]
	at java.rmi.server.UnicastRemoteObject.exportObject(UnicastRemoteObject.java:381) ~[?:?]
	at java.rmi.server.UnicastRemoteObject.<init>(UnicastRemoteObject.java:260) ~[?:?]
	at org.apache.jmeter.engine.RemoteJMeterEngineImpl.<init>(RemoteJMeterEngineImpl.java:67) ~[ApacheJMeter_core.jar:5.2.1]
	at org.apache.jmeter.engine.RemoteJMeterEngineImpl.startServer(RemoteJMeterEngineImpl.java:73) ~[ApacheJMeter_core.jar:5.2.1]
	at org.apache.jmeter.JMeter.start(JMeter.java:522) [ApacheJMeter_core.jar:5.2.1]
	at jdk.internal.reflect.NativeMethodAccessorImpl.invoke0(Native Method) ~[?:?]
	at jdk.internal.reflect.NativeMethodAccessorImpl.invoke(NativeMethodAccessorImpl.java:62) ~[?:?]
	at jdk.internal.reflect.DelegatingMethodAccessorImpl.invoke(DelegatingMethodAccessorImpl.java:43) ~[?:?]
	at java.lang.reflect.Method.invoke(Method.java:567) ~[?:?]
	at org.apache.jmeter.NewDriver.main(NewDriver.java:253) [ApacheJMeter.jar:5.2.1]
Caused by: java.io.FileNotFoundException: /SharedVolume/apache-jmeter-5.2.1/bin/rmi_keystore.jks (No such file or directory)
	at java.io.FileInputStream.open0(Native Method) ~[?:?]
	at java.io.FileInputStream.open(FileInputStream.java:213) ~[?:?]
	at java.io.FileInputStream.<init>(FileInputStream.java:155) ~[?:?]
	at java.io.FileInputStream.<init>(FileInputStream.java:110) ~[?:?]
	at org.apache.jmeter.rmi.SSLRMIServerSocketFactory.loadStore(SSLRMIServerSocketFactory.java:148) ~[ApacheJMeter_core.jar:5.2.1]
	at org.apache.jmeter.rmi.SSLRMIServerSocketFactory.createServerSocket(SSLRMIServerSocketFactory.java:100) ~[ApacheJMeter_core.jar:5.2.1]
	at sun.rmi.transport.tcp.TCPEndpoint.newServerSocket(TCPEndpoint.java:666) ~[?:?]
	at sun.rmi.transport.tcp.TCPTransport.listen(TCPTransport.java:324) ~[?:?]
	... 15 more
2020-02-13 11:38:03,353 ERROR o.a.j.JMeter: An error occurred: 
java.rmi.server.ExportException: Listen failed on port: 0; nested exception is: 
	java.io.FileNotFoundException: /SharedVolume/apache-jmeter-5.2.1/bin/rmi_keystore.jks (No such file or directory)
	at sun.rmi.transport.tcp.TCPTransport.listen(TCPTransport.java:337) ~[?:?]
	at sun.rmi.transport.tcp.TCPTransport.exportObject(TCPTransport.java:243) ~[?:?]
	at sun.rmi.transport.tcp.TCPEndpoint.exportObject(TCPEndpoint.java:411) ~[?:?]
	at sun.rmi.transport.LiveRef.exportObject(LiveRef.java:147) ~[?:?]
	at sun.rmi.server.UnicastServerRef.exportObject(UnicastServerRef.java:234) ~[?:?]
	at java.rmi.server.UnicastRemoteObject.exportObject(UnicastRemoteObject.java:470) ~[?:?]
	at java.rmi.server.UnicastRemoteObject.exportObject(UnicastRemoteObject.java:381) ~[?:?]
	at java.rmi.server.UnicastRemoteObject.<init>(UnicastRemoteObject.java:260) ~[?:?]
	at org.apache.jmeter.engine.RemoteJMeterEngineImpl.<init>(RemoteJMeterEngineImpl.java:67) ~[ApacheJMeter_core.jar:5.2.1]
	at org.apache.jmeter.engine.RemoteJMeterEngineImpl.startServer(RemoteJMeterEngineImpl.java:73) ~[ApacheJMeter_core.jar:5.2.1]
	at org.apache.jmeter.JMeter.start(JMeter.java:522) [ApacheJMeter_core.jar:5.2.1]
	at jdk.internal.reflect.NativeMethodAccessorImpl.invoke0(Native Method) ~[?:?]
	at jdk.internal.reflect.NativeMethodAccessorImpl.invoke(NativeMethodAccessorImpl.java:62) ~[?:?]
	at jdk.internal.reflect.DelegatingMethodAccessorImpl.invoke(DelegatingMethodAccessorImpl.java:43) ~[?:?]
	at java.lang.reflect.Method.invoke(Method.java:567) ~[?:?]
	at org.apache.jmeter.NewDriver.main(NewDriver.java:253) [ApacheJMeter.jar:5.2.1]
Caused by: java.io.FileNotFoundException: /SharedVolume/apache-jmeter-5.2.1/bin/rmi_keystore.jks (No such file or directory)
	at java.io.FileInputStream.open0(Native Method) ~[?:?]
	at java.io.FileInputStream.open(FileInputStream.java:213) ~[?:?]
	at java.io.FileInputStream.<init>(FileInputStream.java:155) ~[?:?]
	at java.io.FileInputStream.<init>(FileInputStream.java:110) ~[?:?]
	at org.apache.jmeter.rmi.SSLRMIServerSocketFactory.loadStore(SSLRMIServerSocketFactory.java:148) ~[ApacheJMeter_core.jar:5.2.1]
	at org.apache.jmeter.rmi.SSLRMIServerSocketFactory.createServerSocket(SSLRMIServerSocketFactory.java:100) ~[ApacheJMeter_core.jar:5.2.1]
	at sun.rmi.transport.tcp.TCPEndpoint.newServerSocket(TCPEndpoint.java:666) ~[?:?]
	at sun.rmi.transport.tcp.TCPTransport.listen(TCPTransport.java:324) ~[?:?]
	... 15 more
