2020-02-14 10:20:04,337 INFO o.a.j.u.JMeterUtils: Setting Locale to en_EN
2020-02-14 10:20:04,384 INFO o.a.j.JMeter: Loading user properties from: /Users/leanovia/Documents/JMeter/apache-jmeter-5.2.1/bin/user.properties
2020-02-14 10:20:04,385 INFO o.a.j.JMeter: Loading system properties from: /Users/leanovia/Documents/JMeter/apache-jmeter-5.2.1/bin/system.properties
2020-02-14 10:20:04,388 INFO o.a.j.JMeter: Copyright (c) 1998-2019 The Apache Software Foundation
2020-02-14 10:20:04,388 INFO o.a.j.JMeter: Version 5.2.1
2020-02-14 10:20:04,388 INFO o.a.j.JMeter: java.version=13.0.1
2020-02-14 10:20:04,389 INFO o.a.j.JMeter: java.vm.name=OpenJDK 64-Bit Server VM
2020-02-14 10:20:04,389 INFO o.a.j.JMeter: os.name=Mac OS X
2020-02-14 10:20:04,389 INFO o.a.j.JMeter: os.arch=x86_64
2020-02-14 10:20:04,389 INFO o.a.j.JMeter: os.version=10.13.6
2020-02-14 10:20:04,389 INFO o.a.j.JMeter: file.encoding=UTF-8
2020-02-14 10:20:04,389 INFO o.a.j.JMeter: java.awt.headless=true
2020-02-14 10:20:04,389 INFO o.a.j.JMeter: Max memory     =1073741824
2020-02-14 10:20:04,390 INFO o.a.j.JMeter: Available Processors =4
2020-02-14 10:20:04,404 INFO o.a.j.JMeter: Default Locale=English (EN)
2020-02-14 10:20:04,404 INFO o.a.j.JMeter: JMeter  Locale=English (EN)
2020-02-14 10:20:04,405 INFO o.a.j.JMeter: JMeterHome=/Users/leanovia/Documents/JMeter/apache-jmeter-5.2.1
2020-02-14 10:20:04,405 INFO o.a.j.JMeter: user.dir  =/Users/leanovia/Documents/Docker/JMeterProject
2020-02-14 10:20:04,405 INFO o.a.j.JMeter: PWD       =/Users/leanovia/Documents/Docker/JMeterProject
2020-02-14 10:20:04,408 INFO o.a.j.JMeter: IP: 192.168.0.9 Name: C02FQ2ZDDH2L-Leanovia.local FullName: 192.168.0.9
2020-02-14 10:20:04,417 INFO o.a.j.s.FileServer: Default base='/Users/leanovia/Documents/Docker/JMeterProject'
2020-02-14 10:20:04,421 INFO o.a.j.s.FileServer: Set new base='/Users/leanovia/Documents/Docker/JMeterProject/SharedVolume'
2020-02-14 10:20:04,693 INFO o.a.j.s.SaveService: Testplan (JMX) version: 2.2. Testlog (JTL) version: 2.2
2020-02-14 10:20:04,726 INFO o.a.j.s.SaveService: Using SaveService properties version 5.0
2020-02-14 10:20:04,732 INFO o.a.j.s.SaveService: Using SaveService properties file encoding UTF-8
2020-02-14 10:20:04,741 INFO o.a.j.s.SaveService: Loading file: SharedVolume/JMeterTest.jmx
2020-02-14 10:20:04,823 INFO o.a.j.p.h.s.HTTPSamplerBase: Parser for text/html is org.apache.jmeter.protocol.http.parser.LagartoBasedHtmlParser
2020-02-14 10:20:04,824 INFO o.a.j.p.h.s.HTTPSamplerBase: Parser for application/xhtml+xml is org.apache.jmeter.protocol.http.parser.LagartoBasedHtmlParser
2020-02-14 10:20:04,824 INFO o.a.j.p.h.s.HTTPSamplerBase: Parser for application/xml is org.apache.jmeter.protocol.http.parser.LagartoBasedHtmlParser
2020-02-14 10:20:04,824 INFO o.a.j.p.h.s.HTTPSamplerBase: Parser for text/xml is org.apache.jmeter.protocol.http.parser.LagartoBasedHtmlParser
2020-02-14 10:20:04,824 INFO o.a.j.p.h.s.HTTPSamplerBase: Parser for text/vnd.wap.wml is org.apache.jmeter.protocol.http.parser.RegexpHTMLParser
2020-02-14 10:20:04,825 INFO o.a.j.p.h.s.HTTPSamplerBase: Parser for text/css is org.apache.jmeter.protocol.http.parser.CssParser
2020-02-14 10:20:04,854 INFO o.a.j.s.SampleResult: Note: Sample TimeStamps are START times
2020-02-14 10:20:04,854 INFO o.a.j.s.SampleResult: sampleresult.default.encoding is set to ISO-8859-1
2020-02-14 10:20:04,854 INFO o.a.j.s.SampleResult: sampleresult.useNanoTime=true
2020-02-14 10:20:04,854 INFO o.a.j.s.SampleResult: sampleresult.nanoThreadSleep=5000
2020-02-14 10:20:04,871 INFO o.a.j.JMeter: Creating summariser <summary>
2020-02-14 10:20:04,877 INFO o.a.j.e.StandardJMeterEngine: Running the test!
2020-02-14 10:20:04,883 INFO o.a.j.s.SampleEvent: List of sample_variables: []
2020-02-14 10:20:04,884 INFO o.a.j.s.SampleEvent: List of sample_variables: []
2020-02-14 10:20:04,895 INFO o.a.j.e.u.CompoundVariable: Note: Function class names must contain the string: '.functions.'
2020-02-14 10:20:04,895 INFO o.a.j.e.u.CompoundVariable: Note: Function class names must not contain the string: '.gui.'
2020-02-14 10:20:05,400 INFO o.a.j.v.b.BackendListener: Backend Listener: Starting worker with class: class org.apache.jmeter.visualizers.backend.graphite.GraphiteBackendListenerClient and queue capacity: 5000
2020-02-14 10:20:05,402 INFO o.a.j.v.b.BackendListener: Backend Listener: Started  worker with class: class org.apache.jmeter.visualizers.backend.graphite.GraphiteBackendListenerClient
2020-02-14 10:20:05,426 INFO o.a.j.v.b.g.TextGraphiteMetricsSender: Created TextGraphiteMetricsSender with host: localhost, port: 2003, prefix: jmeter.
2020-02-14 10:20:05,429 INFO o.a.j.JMeter: Running test (1581672005429)
2020-02-14 10:20:05,462 INFO o.a.j.e.StandardJMeterEngine: Starting ThreadGroup: 1 : Thread Group
2020-02-14 10:20:05,463 INFO o.a.j.e.StandardJMeterEngine: Starting 30 threads for group Thread Group.
2020-02-14 10:20:05,463 INFO o.a.j.e.StandardJMeterEngine: Thread will continue on error
2020-02-14 10:20:05,463 INFO o.a.j.t.ThreadGroup: Starting thread group... number=1 threads=30 ramp-up=1 delayedStart=false
2020-02-14 10:20:05,488 INFO o.a.j.t.JMeterThread: Thread started: Thread Group 1-1
2020-02-14 10:20:05,513 INFO o.a.j.t.ThreadGroup: Started thread group number 1
2020-02-14 10:20:05,513 INFO o.a.j.e.StandardJMeterEngine: All thread groups have been started
2020-02-14 10:20:05,514 INFO o.a.j.t.JMeterThread: Thread started: Thread Group 1-2
2020-02-14 10:20:05,547 INFO o.a.j.t.JMeterThread: Thread started: Thread Group 1-3
2020-02-14 10:20:05,580 INFO o.a.j.t.JMeterThread: Thread started: Thread Group 1-4
2020-02-14 10:20:05,610 INFO o.a.j.t.JMeterThread: Thread started: Thread Group 1-5
2020-02-14 10:20:05,646 INFO o.a.j.t.JMeterThread: Thread started: Thread Group 1-6
2020-02-14 10:20:05,673 INFO o.a.j.t.JMeterThread: Thread started: Thread Group 1-7
2020-02-14 10:20:05,708 INFO o.a.j.t.JMeterThread: Thread started: Thread Group 1-8
2020-02-14 10:20:05,720 INFO o.a.j.p.h.s.HTTPHCAbstractImpl: Local host = C02FQ2ZDDH2L-Leanovia.local
2020-02-14 10:20:05,731 INFO o.a.j.p.h.s.HTTPHC4Impl: HTTP request retry count = 0
2020-02-14 10:20:05,734 INFO o.a.j.t.JMeterThread: Thread started: Thread Group 1-9
2020-02-14 10:20:05,780 INFO o.a.j.t.JMeterThread: Thread started: Thread Group 1-10
2020-02-14 10:20:05,809 INFO o.a.j.t.JMeterThread: Thread started: Thread Group 1-11
2020-02-14 10:20:05,841 INFO o.a.j.t.JMeterThread: Thread started: Thread Group 1-12
2020-02-14 10:20:05,871 INFO o.a.j.t.JMeterThread: Thread started: Thread Group 1-13
2020-02-14 10:20:05,906 INFO o.a.j.t.JMeterThread: Thread started: Thread Group 1-14
2020-02-14 10:20:05,933 INFO o.a.j.t.JMeterThread: Thread started: Thread Group 1-15
2020-02-14 10:20:05,964 INFO o.a.j.t.JMeterThread: Thread started: Thread Group 1-16
2020-02-14 10:20:05,994 INFO o.a.j.t.JMeterThread: Thread started: Thread Group 1-17
2020-02-14 10:20:06,029 INFO o.a.j.t.JMeterThread: Thread started: Thread Group 1-18
2020-02-14 10:20:06,061 INFO o.a.j.t.JMeterThread: Thread started: Thread Group 1-19
2020-02-14 10:20:06,069 INFO o.a.j.t.JMeterThread: Thread is done: Thread Group 1-7
2020-02-14 10:20:06,070 INFO o.a.j.t.JMeterThread: Thread finished: Thread Group 1-7
2020-02-14 10:20:06,071 INFO o.a.j.t.JMeterThread: Thread is done: Thread Group 1-4
2020-02-14 10:20:06,071 INFO o.a.j.t.JMeterThread: Thread finished: Thread Group 1-4
2020-02-14 10:20:06,072 INFO o.a.j.t.JMeterThread: Thread is done: Thread Group 1-5
2020-02-14 10:20:06,072 INFO o.a.j.t.JMeterThread: Thread finished: Thread Group 1-5
2020-02-14 10:20:06,074 INFO o.a.j.t.JMeterThread: Thread is done: Thread Group 1-6
2020-02-14 10:20:06,074 INFO o.a.j.t.JMeterThread: Thread finished: Thread Group 1-6
2020-02-14 10:20:06,076 INFO o.a.j.t.JMeterThread: Thread is done: Thread Group 1-9
2020-02-14 10:20:06,077 INFO o.a.j.t.JMeterThread: Thread finished: Thread Group 1-9
2020-02-14 10:20:06,080 INFO o.a.j.t.JMeterThread: Thread is done: Thread Group 1-1
2020-02-14 10:20:06,080 INFO o.a.j.t.JMeterThread: Thread finished: Thread Group 1-1
2020-02-14 10:20:06,081 INFO o.a.j.t.JMeterThread: Thread is done: Thread Group 1-2
2020-02-14 10:20:06,081 INFO o.a.j.t.JMeterThread: Thread is done: Thread Group 1-10
2020-02-14 10:20:06,081 INFO o.a.j.t.JMeterThread: Thread finished: Thread Group 1-2
2020-02-14 10:20:06,081 INFO o.a.j.t.JMeterThread: Thread is done: Thread Group 1-8
2020-02-14 10:20:06,081 INFO o.a.j.t.JMeterThread: Thread finished: Thread Group 1-8
2020-02-14 10:20:06,084 INFO o.a.j.t.JMeterThread: Thread finished: Thread Group 1-10
2020-02-14 10:20:06,085 INFO o.a.j.t.JMeterThread: Thread is done: Thread Group 1-12
2020-02-14 10:20:06,086 INFO o.a.j.t.JMeterThread: Thread finished: Thread Group 1-12
2020-02-14 10:20:06,087 INFO o.a.j.t.JMeterThread: Thread is done: Thread Group 1-3
2020-02-14 10:20:06,087 INFO o.a.j.t.JMeterThread: Thread finished: Thread Group 1-3
2020-02-14 10:20:06,093 INFO o.a.j.t.JMeterThread: Thread started: Thread Group 1-20
2020-02-14 10:20:06,096 INFO o.a.j.t.JMeterThread: Thread is done: Thread Group 1-11
2020-02-14 10:20:06,096 INFO o.a.j.t.JMeterThread: Thread finished: Thread Group 1-11
2020-02-14 10:20:06,098 INFO o.a.j.t.JMeterThread: Thread is done: Thread Group 1-13
2020-02-14 10:20:06,099 INFO o.a.j.t.JMeterThread: Thread finished: Thread Group 1-13
2020-02-14 10:20:06,117 INFO o.a.j.t.JMeterThread: Thread is done: Thread Group 1-14
2020-02-14 10:20:06,118 INFO o.a.j.t.JMeterThread: Thread finished: Thread Group 1-14
2020-02-14 10:20:06,128 INFO o.a.j.t.JMeterThread: Thread started: Thread Group 1-21
2020-02-14 10:20:06,140 INFO o.a.j.t.JMeterThread: Thread is done: Thread Group 1-15
2020-02-14 10:20:06,140 INFO o.a.j.t.JMeterThread: Thread finished: Thread Group 1-15
2020-02-14 10:20:06,160 INFO o.a.j.t.JMeterThread: Thread started: Thread Group 1-22
2020-02-14 10:20:06,174 INFO o.a.j.t.JMeterThread: Thread is done: Thread Group 1-16
2020-02-14 10:20:06,174 INFO o.a.j.t.JMeterThread: Thread finished: Thread Group 1-16
2020-02-14 10:20:06,194 INFO o.a.j.t.JMeterThread: Thread started: Thread Group 1-23
2020-02-14 10:20:06,210 INFO o.a.j.t.JMeterThread: Thread is done: Thread Group 1-17
2020-02-14 10:20:06,210 INFO o.a.j.t.JMeterThread: Thread finished: Thread Group 1-17
2020-02-14 10:20:06,226 INFO o.a.j.t.JMeterThread: Thread started: Thread Group 1-24
2020-02-14 10:20:06,239 INFO o.a.j.t.JMeterThread: Thread is done: Thread Group 1-18
2020-02-14 10:20:06,240 INFO o.a.j.t.JMeterThread: Thread finished: Thread Group 1-18
2020-02-14 10:20:06,261 INFO o.a.j.t.JMeterThread: Thread started: Thread Group 1-25
2020-02-14 10:20:06,272 INFO o.a.j.t.JMeterThread: Thread is done: Thread Group 1-19
2020-02-14 10:20:06,272 INFO o.a.j.t.JMeterThread: Thread finished: Thread Group 1-19
2020-02-14 10:20:06,293 INFO o.a.j.t.JMeterThread: Thread started: Thread Group 1-26
2020-02-14 10:20:06,304 INFO o.a.j.t.JMeterThread: Thread is done: Thread Group 1-20
2020-02-14 10:20:06,304 INFO o.a.j.t.JMeterThread: Thread finished: Thread Group 1-20
2020-02-14 10:20:06,326 INFO o.a.j.t.JMeterThread: Thread started: Thread Group 1-27
2020-02-14 10:20:06,338 INFO o.a.j.t.JMeterThread: Thread is done: Thread Group 1-21
2020-02-14 10:20:06,338 INFO o.a.j.t.JMeterThread: Thread finished: Thread Group 1-21
2020-02-14 10:20:06,359 INFO o.a.j.t.JMeterThread: Thread started: Thread Group 1-28
2020-02-14 10:20:06,374 INFO o.a.j.t.JMeterThread: Thread is done: Thread Group 1-22
2020-02-14 10:20:06,374 INFO o.a.j.t.JMeterThread: Thread finished: Thread Group 1-22
2020-02-14 10:20:06,391 INFO o.a.j.t.JMeterThread: Thread started: Thread Group 1-29
2020-02-14 10:20:06,408 INFO o.a.j.t.JMeterThread: Thread is done: Thread Group 1-23
2020-02-14 10:20:06,409 INFO o.a.j.t.JMeterThread: Thread finished: Thread Group 1-23
2020-02-14 10:20:06,425 INFO o.a.j.t.JMeterThread: Thread started: Thread Group 1-30
2020-02-14 10:20:06,438 INFO o.a.j.t.JMeterThread: Thread is done: Thread Group 1-24
2020-02-14 10:20:06,438 INFO o.a.j.t.JMeterThread: Thread finished: Thread Group 1-24
2020-02-14 10:20:06,465 ERROR o.a.j.v.b.g.TextGraphiteMetricsSender: IO Errors writing to Graphite, some data will be lost
2020-02-14 10:20:06,471 INFO o.a.j.t.JMeterThread: Thread is done: Thread Group 1-25
2020-02-14 10:20:06,471 INFO o.a.j.t.JMeterThread: Thread finished: Thread Group 1-25
2020-02-14 10:20:06,510 INFO o.a.j.t.JMeterThread: Thread is done: Thread Group 1-26
2020-02-14 10:20:06,510 INFO o.a.j.t.JMeterThread: Thread finished: Thread Group 1-26
2020-02-14 10:20:06,536 INFO o.a.j.t.JMeterThread: Thread is done: Thread Group 1-27
2020-02-14 10:20:06,537 INFO o.a.j.t.JMeterThread: Thread finished: Thread Group 1-27
2020-02-14 10:20:06,573 INFO o.a.j.t.JMeterThread: Thread is done: Thread Group 1-28
2020-02-14 10:20:06,573 INFO o.a.j.t.JMeterThread: Thread finished: Thread Group 1-28
2020-02-14 10:20:06,603 INFO o.a.j.t.JMeterThread: Thread is done: Thread Group 1-29
2020-02-14 10:20:06,603 INFO o.a.j.t.JMeterThread: Thread finished: Thread Group 1-29
2020-02-14 10:20:06,639 INFO o.a.j.t.JMeterThread: Thread is done: Thread Group 1-30
2020-02-14 10:20:06,639 INFO o.a.j.t.JMeterThread: Thread finished: Thread Group 1-30
2020-02-14 10:20:06,640 INFO o.a.j.e.StandardJMeterEngine: Notifying test listeners of end of test
2020-02-14 10:20:06,641 INFO o.a.j.v.b.BackendListener: Worker ended
2020-02-14 10:20:06,651 ERROR o.a.j.v.b.g.TextGraphiteMetricsSender: IO Errors writing to Graphite, some data will be lost
2020-02-14 10:20:06,652 INFO o.a.j.r.Summariser: summary =     30 in 00:00:01 =   24.5/s Avg:    66 Min:     4 Max:   208 Err:     0 (0.00%)
